<?xml version="1.0" encoding="UTF-8"?>
<!-- Generated by org.testng.reporters.JUnitReportReporter -->
<testsuite hostname="StephLaptop" failures="0" tests="3" name="TestAssessment.NewLibraryTest" time="0.829" errors="0" timestamp="20 Aug 2024 07:53:10 GMT">
  <testcase classname="TestAssessment.NewLibraryTest" name="testNavbarLinks" time="0.086"/>
  <testcase classname="TestAssessment.NewLibraryTest" name="testFooterPresence" time="0.184"/>
  <testcase classname="TestAssessment.NewLibraryTest" name="testTableContent" time="0.559"/>
</testsuite> <!-- TestAssessment.NewLibraryTest -->
